2018-05-19 13:34:31,698 INFO  [CoreTest] Inside Test 'ClassesTest001_Create_New_Student_generated_Class()' 
2018-05-19 13:34:31,712 INFO  [CoreTest] Inside Method 'navigateToClassesPage()' 
2018-05-19 13:35:56,651 INFO  [CoreTest] Inside Test 'ClassesTest001_Create_New_Student_generated_Class()' 
2018-05-19 13:35:56,659 INFO  [CoreTest] Inside Method 'navigateToClassesPage()' 
2018-05-19 13:36:08,763 INFO  [CoreTest] Inside Test 'ClassesTest001_Create_New_Student_generated_Class()' 
2018-05-19 13:36:08,766 INFO  [CoreTest] Inside Method 'navigateToClassesPage()' 
2018-05-19 13:38:06,531 INFO  [CoreTest] Inside Test 'ClassesTest001_Create_New_Student_generated_Class()' 
2018-05-19 13:38:06,537 INFO  [CoreTest] Inside Method 'navigateToClassesPage()' 
2018-05-19 13:39:19,949 INFO  [CoreTest] Inside Test 'ClassesTest001_Create_New_Student_generated_Class()' 
2018-05-19 13:39:19,955 INFO  [CoreTest] Inside Method 'navigateToClassesPage()' 
2018-05-19 13:39:42,046 INFO  [CoreTest] Inside Test 'ClassesTest001_Create_New_Student_generated_Class()' 
2018-05-19 13:39:42,047 INFO  [CoreTest] Inside Method 'navigateToClassesPage()' 
2018-05-19 13:41:06,698 INFO  [CoreTest] Inside Test 'ClassesTest001_Create_New_Student_generated_Class()' 
2018-05-19 13:41:06,705 INFO  [CoreTest] Inside Method 'navigateToClassesPage()' 
2018-05-19 13:41:30,351 INFO  [CoreTest] Inside Test 'ClassesTest001_Create_New_Student_generated_Class()' 
2018-05-19 13:41:30,352 INFO  [CoreTest] Inside Method 'navigateToClassesPage()' 
2018-05-19 13:44:38,205 INFO  [CoreTest] Inside Test 'ClassesTest001_Create_New_Student_generated_Class()' 
2018-05-19 13:44:38,214 INFO  [CoreTest] Inside Method 'navigateToClassesPage()' 
2018-05-19 13:44:54,868 INFO  [CoreTest] Inside Test 'ClassesTest001_Create_New_Student_generated_Class()' 
2018-05-19 13:44:54,871 INFO  [CoreTest] Inside Method 'navigateToClassesPage()' 
2018-05-19 13:55:00,934 INFO  [CoreTest] Inside Test 'ClassesTest001_Create_New_Student_generated_Class()' 
2018-05-19 13:55:00,943 INFO  [CoreTest] Inside Method 'navigateToClassesPage()' 
2018-05-19 13:55:17,592 INFO  [CoreTest] Inside Test 'ClassesTest001_Create_New_Student_generated_Class()' 
2018-05-19 13:55:17,594 INFO  [CoreTest] Inside Method 'navigateToClassesPage()' 
2018-05-19 14:00:44,501 INFO  [CoreTest] Inside Test 'ClassesTest001_Create_New_Student_generated_Class()' 
2018-05-19 14:00:44,508 INFO  [CoreTest] Inside Method 'navigateToClassesPage()' 
2018-05-19 14:00:52,846 INFO  [CoreTest] Inside Test 'ClassesTest001_Create_New_Student_generated_Class()' 
2018-05-19 14:00:52,847 INFO  [CoreTest] Inside Method 'navigateToClassesPage()' 
2018-05-19 14:02:29,770 INFO  [CoreTest] Inside Test 'ClassesTest001_Create_New_Student_generated_Class()' 
2018-05-19 14:02:29,776 INFO  [CoreTest] Inside Method 'navigateToClassesPage()' 
2018-05-19 14:42:07,960 INFO  [CoreTest] Inside Test 'ClassesTest001_Create_New_Student_generated_Class()' 
2018-05-19 14:42:07,969 INFO  [CoreTest] Inside Method 'navigateToClassesPage()' 
2018-05-19 14:44:08,295 INFO  [CoreTest] Inside Test 'ClassesTest001_Create_New_Student_generated_Class()' 
2018-05-19 14:44:08,300 INFO  [CoreTest] Inside Method 'navigateToClassesPage()' 
2018-05-19 14:45:00,917 INFO  [CoreTest] Inside Test 'MyResourceTest001_Create_New_Lesson()' 
2018-05-19 14:45:00,925 INFO  [CoreTest] Inside Method 'navigateToMyResourcePage' 
2018-05-19 14:45:23,560 INFO  [CoreTest] Inside Method 'createNewResourceNew()' for resource Lesson 
2018-05-19 14:45:29,551 INFO  [CoreTest] Inside Method 'SaveAndExitNewResources()' 
2018-05-19 14:45:29,551 INFO  [CoreTest] Inside Method 'saveResource()' 
2018-05-19 14:45:39,956 INFO  [CoreTest] Inside Method 'exitBuilder()' 
2018-05-19 15:02:30,848 INFO  [CoreTest] Inside Test 'MyResourceTest001_Create_New_Lesson()' 
2018-05-19 15:02:30,857 INFO  [CoreTest] Inside Method 'navigateToMyResourcePage' 
2018-05-19 15:02:53,533 INFO  [CoreTest] Inside Method 'createNewResourceNew()' for resource Lesson 
2018-05-19 15:03:02,505 INFO  [CoreTest] Inside Test 'MyResourceTest002_Create_New_Activity()' 
2018-05-19 15:03:02,507 INFO  [CoreTest] Inside Method 'navigateToMyResourcePage' 
2018-05-19 15:03:25,673 INFO  [CoreTest] Inside Method 'createNewResourceNew()' for resource Activity 
2018-05-19 15:03:31,687 INFO  [CoreTest] Inside Method 'SaveAndExitNewResources()' 
2018-05-19 15:03:31,687 INFO  [CoreTest] Inside Method 'saveResource()' 
2018-05-19 15:03:42,124 INFO  [CoreTest] Inside Method 'exitBuilder()' 
2018-05-19 15:03:51,095 INFO  [CoreTest] Inside Test 'MyResourceTest003_Create_New_Assessment()' 
2018-05-19 15:03:51,097 INFO  [CoreTest] Inside Method 'navigateToMyResourcePage' 
2018-05-19 15:04:13,968 INFO  [CoreTest] Inside Method 'createNewResourceNew()' for resource Assessment 
2018-05-19 15:04:20,469 INFO  [CoreTest] Inside Method 'SaveAndExitNewResources()' 
2018-05-19 15:04:20,470 INFO  [CoreTest] Inside Method 'saveResource()' 
2018-05-19 15:04:30,915 INFO  [CoreTest] Inside Method 'exitBuilder()' 
2018-05-19 15:05:51,597 INFO  [CoreTest] Inside Test 'ClassesTest001_Create_New_Student_generated_Class()' 
2018-05-19 15:05:51,609 INFO  [CoreTest] Inside Method 'navigateToClassesPage()' 
2018-05-19 15:06:00,298 INFO  [CoreTest] Inside Test 'ClassesTest001_Create_New_Student_generated_Class()' 
2018-05-19 15:06:00,299 INFO  [CoreTest] Inside Method 'navigateToClassesPage()' 
2018-05-19 17:46:44,678 INFO  [CoreTest] Inside Method 'navigateToMyResourcePage' 
2018-05-19 17:48:47,454 INFO  [CoreTest] Inside Method 'navigateToMyResourcePage' 
2018-05-19 17:51:09,281 INFO  [CoreTest] Inside Method 'navigateToMyResourcePage' 
2018-05-19 18:09:39,755 INFO  [CoreTest] Inside Method 'navigateToMyResourcePage' 
2018-05-19 18:39:35,661 INFO  [CoreTest] Inside Method 'navigateToClassesPage()' 
2018-05-19 19:01:44,654 INFO  [CoreTest] Inside Method 'navigateToClassesPage()' 
2018-05-19 19:03:11,811 INFO  [CoreTest] Inside Method 'navigateToMyResourcePage' 
2018-05-19 19:03:11,928 INFO  [CoreTest] Inside Method 'navigateToClassesPage()' 
2018-05-19 19:03:12,023 INFO  [CoreTest] Inside Method 'navigateToClassesPage()' 
2018-05-19 19:03:12,139 INFO  [CoreTest] Inside Method 'navigateToHomePage()' 
2018-05-19 19:03:12,203 INFO  [CoreTest] Inside Method 'navigateToMrketplacePage()' 
2018-05-19 19:20:13,447 INFO  [CoreTest] Inside Test 'ClassesTest001_Create_New_Student_generated_Class()' 
2018-05-19 19:20:13,453 INFO  [CoreTest] Inside Method 'navigateToClassesPage()' 
2018-05-19 19:20:17,454 INFO  [CoreTest] Inside Test 'ClassesTest001_Create_New_Student_generated_Class()' 
2018-05-19 19:20:17,455 INFO  [CoreTest] Inside Method 'navigateToClassesPage()' 
2018-05-19 19:21:12,179 INFO  [CoreTest] Inside Method 'navigateToMyResourcePage' 
2018-05-19 19:23:31,389 INFO  [CoreTest] Inside Test 'ClassesTest001_Create_New_Student_generated_Class()' 
2018-05-19 19:23:31,401 INFO  [CoreTest] Inside Method 'navigateToClassesPage()' 
2018-05-19 19:32:40,636 INFO  [CoreTest] Inside Test 'ClassesTest001_Create_New_Student_generated_Class()' 
2018-05-19 19:32:40,642 INFO  [CoreTest] Inside Method 'navigateToClassesPage()' 
2018-05-19 19:33:53,281 INFO  [CoreTest] Inside Method 'navigateToMyResourcePage' 
2018-05-19 19:33:55,435 INFO  [CoreTest] Inside Method 'createNewResourceOld()' for resource ItemBank 
2018-05-19 19:34:18,360 INFO  [CoreTest] Inside Method 'navigateToMyResourcePage' 
2018-05-19 19:34:20,499 INFO  [CoreTest] Inside Method 'createNewResourceOld()' for resource ItemBank 
2018-05-19 19:34:25,486 INFO  [CoreTest] Inside Method 'SaveAndExitOldResources()' 
2018-05-19 19:46:06,396 INFO  [CoreTest] Inside Method 'createNewResourceNew()' for resource Assessment 
2018-05-19 19:48:01,547 INFO  [CoreTest] Inside Test 'MyResourceTest003_Create_New_Assessment()' 
2018-05-19 19:48:01,552 INFO  [CoreTest] Inside Method 'navigateToMyResourcePage' 
2018-05-19 19:48:03,766 INFO  [CoreTest] Inside Method 'createNewResourceNew()' for resource Assessment 
2018-05-19 19:55:12,608 INFO  [CoreTest] Inside Test 'MyResourceTest003_Create_New_Assessment()' 
2018-05-19 19:55:12,612 INFO  [CoreTest] Inside Method 'navigateToMyResourcePage' 
2018-05-19 19:55:14,727 INFO  [CoreTest] Inside Method 'createNewResourceNew()' for resource Assessment 
2018-05-19 19:57:24,545 INFO  [CoreTest] Inside Test 'MyResourceTest004_File_Upload_Image()' 
2018-05-19 19:57:24,549 INFO  [CoreTest] Inside Method 'navigateToMyResourcePage' 
2018-05-19 19:57:26,669 INFO  [CoreTest] Inside Method 'FileUpload()' 
2018-05-19 19:57:49,287 INFO  [CoreTest] Inside Method 'navigateToMyResourcePage' 
2018-05-19 20:00:52,203 INFO  [CoreTest] Inside Test 'MyResourceTest002_Create_New_Activity()' 
2018-05-19 20:00:52,207 INFO  [CoreTest] Inside Method 'navigateToMyResourcePage' 
2018-05-19 20:00:54,341 INFO  [CoreTest] Inside Method 'createNewResourceNew()' for resource Activity 
2018-05-19 20:03:34,610 INFO  [CoreTest] Inside Test 'MyResourceTest003_Create_New_Assessment()' 
2018-05-19 20:03:34,614 INFO  [CoreTest] Inside Method 'navigateToMyResourcePage' 
2018-05-19 20:03:36,789 INFO  [CoreTest] Inside Method 'createNewResourceNew()' for resource Assessment 
2018-05-19 20:06:39,252 INFO  [CoreTest] Inside Test 'MyResourceTest003_Create_New_Assessment()' 
2018-05-19 20:06:39,257 INFO  [CoreTest] Inside Method 'navigateToMyResourcePage' 
2018-05-19 20:06:41,379 INFO  [CoreTest] Inside Method 'createNewResourceNew()' for resource Assessment 
2018-05-19 20:38:04,697 INFO  [CoreTest] Inside Test 'MyResourceTest003_Create_New_Assessment()' 
2018-05-19 20:38:19,016 INFO  [CoreTest] Inside Method 'navigateToMyResourcePage' 
2018-05-19 20:38:30,808 INFO  [CoreTest] Inside Method 'createNewResourceNew()' for resource Assessment 
2018-05-20 17:58:14,871 INFO  [CoreTest] Inside Test 'MyResourceTest003_Create_New_Assessment()' 
2018-05-20 17:58:14,881 INFO  [CoreTest] Inside Method 'navigateToMyResourcePage' 
2018-05-20 17:58:18,979 INFO  [CoreTest] Inside Method 'createNewResourceNew()' for resource Assessment 
2018-05-20 17:58:24,049 INFO  [CoreTest] Inside Method 'SaveAndExitNewResources()' 
2018-05-20 17:58:24,049 INFO  [CoreTest] Inside Method 'saveResource()' 
2018-05-20 17:58:33,378 INFO  [CoreTest] Inside Method 'exitBuilder()' 
2018-05-20 18:02:19,340 INFO  [CoreTest] Inside Method 'createNewResourceNew()' for resource Assessment 
2018-05-20 18:05:10,260 INFO  [CoreTest] Inside Method 'navigateToMyResourcePage' 
2018-05-20 18:05:12,385 INFO  [CoreTest] Inside Method 'createNewResourceNew()' for resource Assessment 
2018-05-20 18:05:17,810 INFO  [CoreTest] Inside Method 'SaveAndExitNewResources()' 
2018-05-20 18:05:17,810 INFO  [CoreTest] Inside Method 'saveResource()' 
2018-05-20 18:05:27,073 INFO  [CoreTest] Inside Method 'exitBuilder()' 
2018-05-20 18:21:29,423 INFO  [CoreTest] Inside Method 'navigateToMyResourcePage' 
2018-05-20 18:21:31,547 INFO  [CoreTest] Inside Method 'createNewResourceNew()' for resource Assessment 
2018-05-20 18:24:31,397 INFO  [CoreTest] Inside Method 'navigateToMyResourcePage' 
2018-05-20 18:24:33,679 INFO  [CoreTest] Inside Method 'createNewResourceNew()' for resource Assessment 
2018-05-20 18:27:52,022 INFO  [CoreTest] Inside Method 'navigateToMyResourcePage' 
2018-05-20 18:27:54,157 INFO  [CoreTest] Inside Method 'createNewResourceNew()' for resource Assessment 
2018-05-20 19:14:48,431 INFO  [CoreTest] Inside Method 'navigateToMyResourcePage' 
2018-05-20 19:14:50,546 INFO  [CoreTest] Inside Method 'createNewResourceNew()' for resource Assessment 
2018-05-20 19:21:31,128 INFO  [CoreTest] Inside Test 'MyResourceTest003_Create_New_Assessment()' 
2018-05-20 19:21:31,132 INFO  [CoreTest] Inside Method 'navigateToMyResourcePage' 
2018-05-20 19:21:33,274 INFO  [CoreTest] Inside Method 'createNewResourceNew()' for resource Assessment 
2018-05-20 19:23:19,798 INFO  [CoreTest] Inside Test 'MyResourceTest003_Create_New_Assessment()' 
2018-05-20 19:23:19,803 INFO  [CoreTest] Inside Method 'navigateToMyResourcePage' 
2018-05-20 19:23:21,945 INFO  [CoreTest] Inside Method 'createNewResourceNew()' for resource Assessment 
